0 info it worked if it ends with ok
1 verbose cli [ 'node', '/usr/local/bin/npm', 'install' ]
2 info using npm@1.3.2
3 info using node@v0.10.13
4 verbose readDependencies using package.json deps
5 verbose install where, deps [ '/Users/rodmaykel/Dev/projects/rss-aggregator',
5 verbose install   [ 'mongoq', 'feedparser', 'request', 'urlify' ] ]
6 info preinstall rss-aggregator@0.0.1
7 verbose readDependencies using package.json deps
8 verbose already installed skipping mongoq@* /Users/rodmaykel/Dev/projects/rss-aggregator
9 verbose already installed skipping feedparser@* /Users/rodmaykel/Dev/projects/rss-aggregator
10 verbose already installed skipping request@* /Users/rodmaykel/Dev/projects/rss-aggregator
11 verbose cache add [ 'urlify@https://github.com/aliem/urlify', null ]
12 verbose cache add name=undefined spec="urlify@https://github.com/aliem/urlify" args=["urlify@https://github.com/aliem/urlify",null]
13 verbose parsed url { protocol: null,
13 verbose parsed url   slashes: null,
13 verbose parsed url   auth: null,
13 verbose parsed url   host: null,
13 verbose parsed url   port: null,
13 verbose parsed url   hostname: null,
13 verbose parsed url   hash: null,
13 verbose parsed url   search: null,
13 verbose parsed url   query: null,
13 verbose parsed url   pathname: 'urlify@https://github.com/aliem/urlify',
13 verbose parsed url   path: 'urlify@https://github.com/aliem/urlify',
13 verbose parsed url   href: 'urlify@https://github.com/aliem/urlify' }
14 verbose cache add name="urlify" spec="https://github.com/aliem/urlify" args=["urlify","https://github.com/aliem/urlify"]
15 verbose parsed url { protocol: 'https:',
15 verbose parsed url   slashes: true,
15 verbose parsed url   auth: null,
15 verbose parsed url   host: 'github.com',
15 verbose parsed url   port: null,
15 verbose parsed url   hostname: 'github.com',
15 verbose parsed url   hash: null,
15 verbose parsed url   search: null,
15 verbose parsed url   query: null,
15 verbose parsed url   pathname: '/aliem/urlify',
15 verbose parsed url   path: '/aliem/urlify',
15 verbose parsed url   href: 'https://github.com/aliem/urlify' }
16 silly lockFile 20adbd06-https-github-com-aliem-urlify https://github.com/aliem/urlify
17 verbose lock https://github.com/aliem/urlify /Users/rodmaykel/.npm/20adbd06-https-github-com-aliem-urlify.lock
18 verbose addRemoteTarball [ 'https://github.com/aliem/urlify', null ]
19 info retry fetch attempt 1 at 02:08:22
20 verbose fetch to= /var/folders/xd/pvswyyd11y78xrfd2gwqrstm0000gn/T/npm-24563/1395079702391-0.2588548616040498/tmp.tgz
21 http GET https://github.com/aliem/urlify
22 http 200 https://github.com/aliem/urlify
23 verbose tar unpack /var/folders/xd/pvswyyd11y78xrfd2gwqrstm0000gn/T/npm-24563/1395079702391-0.2588548616040498/tmp.tgz
24 silly lockFile efeab61d-02391-0-2588548616040498-package tar:///var/folders/xd/pvswyyd11y78xrfd2gwqrstm0000gn/T/npm-24563/1395079702391-0.2588548616040498/package
25 verbose lock tar:///var/folders/xd/pvswyyd11y78xrfd2gwqrstm0000gn/T/npm-24563/1395079702391-0.2588548616040498/package /Users/rodmaykel/.npm/efeab61d-02391-0-2588548616040498-package.lock
26 silly lockFile 7bece638-02391-0-2588548616040498-tmp-tgz tar:///var/folders/xd/pvswyyd11y78xrfd2gwqrstm0000gn/T/npm-24563/1395079702391-0.2588548616040498/tmp.tgz
27 verbose lock tar:///var/folders/xd/pvswyyd11y78xrfd2gwqrstm0000gn/T/npm-24563/1395079702391-0.2588548616040498/tmp.tgz /Users/rodmaykel/.npm/7bece638-02391-0-2588548616040498-tmp-tgz.lock
28 silly gunzTarPerm modes [ '755', '644' ]
29 error not a package /var/folders/xd/pvswyyd11y78xrfd2gwqrstm0000gn/T/npm-24563/1395079702391-0.2588548616040498/tmp.tgz
30 silly lockFile efeab61d-02391-0-2588548616040498-package tar:///var/folders/xd/pvswyyd11y78xrfd2gwqrstm0000gn/T/npm-24563/1395079702391-0.2588548616040498/package
31 silly lockFile efeab61d-02391-0-2588548616040498-package tar:///var/folders/xd/pvswyyd11y78xrfd2gwqrstm0000gn/T/npm-24563/1395079702391-0.2588548616040498/package
32 silly lockFile 7bece638-02391-0-2588548616040498-tmp-tgz tar:///var/folders/xd/pvswyyd11y78xrfd2gwqrstm0000gn/T/npm-24563/1395079702391-0.2588548616040498/tmp.tgz
33 silly lockFile 7bece638-02391-0-2588548616040498-tmp-tgz tar:///var/folders/xd/pvswyyd11y78xrfd2gwqrstm0000gn/T/npm-24563/1395079702391-0.2588548616040498/tmp.tgz
34 silly lockFile 20adbd06-https-github-com-aliem-urlify https://github.com/aliem/urlify
35 silly lockFile 20adbd06-https-github-com-aliem-urlify https://github.com/aliem/urlify
36 error Error: ENOENT, open '/var/folders/xd/pvswyyd11y78xrfd2gwqrstm0000gn/T/npm-24563/1395079702391-0.2588548616040498/package/package.json'
37 error If you need help, you may report this log at:
37 error     <http://github.com/isaacs/npm/issues>
37 error or email it to:
37 error     <npm-@googlegroups.com>
38 error System Darwin 13.1.0
39 error command "node" "/usr/local/bin/npm" "install"
40 error cwd /Users/rodmaykel/Dev/projects/rss-aggregator
41 error node -v v0.10.13
42 error npm -v 1.3.2
43 error path /var/folders/xd/pvswyyd11y78xrfd2gwqrstm0000gn/T/npm-24563/1395079702391-0.2588548616040498/package/package.json
44 error code ENOENT
45 error errno 34
46 verbose exit [ 34, true ]
